#
# A fatal error has been detected by the Java Runtime Environment:
#
#  SIGILL (0x4) at pc=0x00007fffbe402bde, pid=932, tid=0x0000000000000203
#
# JRE version: Java(TM) SE Runtime Environment (8.0_111-b14) (build 1.8.0_111-b14)
# Java VM: Java HotSpot(TM) 64-Bit Server VM (25.111-b14 mixed mode bsd-amd64 compressed oops)
# Problematic frame:
# C  [libsystem_platform.dylib+0x5bde]  _os_unfair_lock_corruption_abort+0x17
#
# Failed to write core dump. Core dumps have been disabled. To enable core dumping, try "ulimit -c unlimited" before starting Java again
#
# If you would like to submit a bug report, please visit:
#   http://bugreport.java.com/bugreport/crash.jsp
# The crash happened outside the Java Virtual Machine in native code.
# See problematic frame for where to report the bug.
#

---------------  T H R E A D  ---------------

Current thread (0x0000000100b2b000):  JavaThread "Spawner Reaper" daemon [_thread_in_native, id=87359, stack(0x000070001040c000,0x000070001050c000)]

siginfo: si_signo: 4 (SIGILL), si_code: 1 (ILL_ILLOPC), si_addr: 0x00007fffbe402bde

Registers:
RAX=0x0000000000000306, RBX=0x0000000000000306, RCX=0x00007fffbe404b6c, RDX=0x0000000000000000
RSP=0x000070001050b398, RBP=0x000070001050b3d0, RSI=0x00007fffc6f2fd00, RDI=0x0000000000000306
R8 =0x000000000000018c, R9 =0x0000000129c36660, R10=0x0000000000000000, R11=0x0000000000000246
R12=0x00007fffc6f2fd00, R13=0x0000000000000203, R14=0x0000000001010002, R15=0x0000000000000203
RIP=0x00007fffbe402bde, EFLAGS=0x0000000000010246, ERR=0x0000000000000000
  TRAPNO=0x0000000000000006

Top of Stack: (sp=0x000070001050b398)
0x000070001050b398:   00007fffbe40244e 0000000000000307
0x000070001050b3a8:   0000000000000880 0000000129c19ed0
0x000070001050b3b8:   00007fffc6f2f480 00007fffc6f2fd00
0x000070001050b3c8:   00000001213ef620 000070001050b420
0x000070001050b3d8:   00007fffbd90a370 0000000000000000
0x000070001050b3e8:   0000000000000000 0000000000000000
0x000070001050b3f8:   0000000129c19ed0 00007fffc6fcf6f8
0x000070001050b408:   0000000000000002 00000001213ef601
0x000070001050b418:   00000001213ef620 000070001050b440
0x000070001050b428:   00007fffbd90a0b7 0000000129c19ed0
0x000070001050b438:   00000001213ef670 000070001050b460
0x000070001050b448:   00007fffbd90a017 0000000000000000
0x000070001050b458:   0000000129c03c40 000070001050b490
0x000070001050b468:   00007fffbe44aa99 00007fffc6fefa50
0x000070001050b478:   00000001213ef620 0000000129c71d90
0x000070001050b488:   0000000000000000 000070001050b4b0
0x000070001050b498:   00007fffbe44a4f9 00000000ffffffff
0x000070001050b4a8:   00000001213ef620 000070001050b500
0x000070001050b4b8:   00007fffbe2dec35 00007fffbe2e31e3
0x000070001050b4c8:   0000000000000000 0000000000000000
0x000070001050b4d8:   0000000127f4f430 0000000100100cb0
0x000070001050b4e8:   0000000000000000 00007fffc6fcf6f8
0x000070001050b4f8:   000070001050b544 000070001050b520
0x000070001050b508:   00007fffbe2e31cc 00007fffc6fcf6f8
0x000070001050b518:   000000011618791d 000070001050b570
0x000070001050b528:   00007fffbe2e3112 000070001050b808
0x000070001050b538:   0000000000000000 0000000200000000
0x000070001050b548:   000000011618791d 0000000000000000
0x000070001050b558:   0000000122638d20 000070001050b808
0x000070001050b568:   0000000100b2b000 000070001050b590
0x000070001050b578:   00007fffbe2e3068 0000000000000000
0x000070001050b588:   000060800107e580 000070001050b5e0 

Instructions: (pc=0x00007fffbe402bde)
0x00007fffbe402bbe:   89 f7 e8 55 18 00 00 eb ae 89 f8 48 8d 0d 9c 1f
0x00007fffbe402bce:   00 00 48 89 0d e1 c6 bd 08 48 89 05 0a c7 bd 08
0x00007fffbe402bde:   0f 0b 89 f8 48 8d 0d 12 20 00 00 48 89 0d c8 c6
0x00007fffbe402bee:   bd 08 48 89 05 f1 c6 bd 08 0f 0b 55 48 89 e5 41 

Register to memory mapping:

RAX=0x0000000000000306 is an unknown value
RBX=0x0000000000000306 is an unknown value
RCX=0x00007fffbe404b6c: _h+0x25c in /usr/lib/system/libsystem_platform.dylib at 0x00007fffbe3fd000
RDX=0x0000000000000000 is an unknown value
RSP=0x000070001050b398 is pointing into the stack for thread: 0x0000000100b2b000
RBP=0x000070001050b3d0 is pointing into the stack for thread: 0x0000000100b2b000
RSI=0x00007fffc6f2fd00: _ZN12_GLOBAL__N_1L12SideTableBufE+0x880 in /usr/lib/libobjc.A.dylib at 0x00007fffbd901000
RDI=0x0000000000000306 is an unknown value
R8 =0x000000000000018c is an unknown value
R9 =0x0000000129c36660 is an unknown value
R10=0x0000000000000000 is an unknown value
R11=0x0000000000000246 is an unknown value
R12=0x00007fffc6f2fd00: _ZN12_GLOBAL__N_1L12SideTableBufE+0x880 in /usr/lib/libobjc.A.dylib at 0x00007fffbd901000
R13=0x0000000000000203 is an unknown value
R14=0x0000000001010002 is an unknown value
R15=0x0000000000000203 is an unknown value


Stack: [0x000070001040c000,0x000070001050c000],  sp=0x000070001050b398,  free space=1020k
Native frames: (J=compiled Java code, j=interpreted, Vv=VM code, C=native code)
C  [libsystem_platform.dylib+0x5bde]  _os_unfair_lock_corruption_abort+0x17
C  [libobjc.A.dylib+0x9370]  _ZN11objc_object27sidetable_clearDeallocatingEv+0x54
C  [libobjc.A.dylib+0x90b7]  objc_destructInstance+0x8f
C  [libobjc.A.dylib+0x9017]  object_dispose+0x16
C  [libxpc.dylib+0x4a99]  _xpc_dictionary_dispose+0x7c
C  [libxpc.dylib+0x44f9]  _xpc_dispose+0xf
C  [libsystem_info.dylib+0x1c35]  _ds_item+0x9f
C  [libsystem_info.dylib+0x61cc]  ds_group_byname+0x4d
C  [libsystem_info.dylib+0x6112]  search_group_byname+0x66
C  [libsystem_info.dylib+0x6068]  getgrnam+0x33
C  [libspawner.jnilib+0x2326]  ptys_open+0x1c
C  [libspawner.jnilib+0x1ede]  exec_pty+0x195
C  [libspawner.jnilib+0x14be]  Java_org_eclipse_cdt_utils_spawner_Spawner_exec2+0x129
j  org.eclipse.cdt.utils.spawner.Spawner.exec2([Ljava/lang/String;[Ljava/lang/String;Ljava/lang/String;[ILjava/lang/String;IZ)I+0
j  org.eclipse.cdt.utils.pty.PTY.exec_pty(Lorg/eclipse/cdt/utils/spawner/Spawner;[Ljava/lang/String;[Ljava/lang/String;Ljava/lang/String;[I)I+48
j  org.eclipse.cdt.utils.spawner.Spawner$2.execute([Ljava/lang/String;[Ljava/lang/String;Ljava/lang/String;[I)I+13
j  org.eclipse.cdt.utils.spawner.Spawner$Reaper.run()V+20
v  ~StubRoutines::call_stub
V  [libjvm.dylib+0x2ecf8a]
V  [libjvm.dylib+0x2ed718]
V  [libjvm.dylib+0x2ed8c4]
V  [libjvm.dylib+0x348039]
V  [libjvm.dylib+0x56a27b]
V  [libjvm.dylib+0x56b968]
V  [libjvm.dylib+0x489b0a]
C  [libsystem_pthread.dylib+0x3aab]  _pthread_body+0xb4
C  [libsystem_pthread.dylib+0x39f7]  _pthread_body+0x0
C  [libsystem_pthread.dylib+0x3221]  thread_start+0xd
C  0x0000000000000000

Java frames: (J=compiled Java code, j=interpreted, Vv=VM code)
j  org.eclipse.cdt.utils.spawner.Spawner.exec2([Ljava/lang/String;[Ljava/lang/String;Ljava/lang/String;[ILjava/lang/String;IZ)I+0
j  org.eclipse.cdt.utils.pty.PTY.exec_pty(Lorg/eclipse/cdt/utils/spawner/Spawner;[Ljava/lang/String;[Ljava/lang/String;Ljava/lang/String;[I)I+48
j  org.eclipse.cdt.utils.spawner.Spawner$2.execute([Ljava/lang/String;[Ljava/lang/String;Ljava/lang/String;[I)I+13
j  org.eclipse.cdt.utils.spawner.Spawner$Reaper.run()V+20
v  ~StubRoutines::call_stub

---------------  P R O C E S S  ---------------

Java Threads: ( => current thread )
=>0x0000000100b2b000 JavaThread "Spawner Reaper" daemon [_thread_in_native, id=87359, stack(0x000070001040c000,0x000070001050c000)]
  0x0000000128aca800 JavaThread "Worker-92" [_thread_blocked, id=116659, stack(0x0000700010309000,0x0000700010409000)]
  0x000000011ef91800 JavaThread "Worker-91" [_thread_blocked, id=102367, stack(0x0000700010103000,0x0000700010203000)]
  0x0000000128f61000 JavaThread "Worker-90" [_thread_blocked, id=121771, stack(0x0000700010000000,0x0000700010100000)]
  0x000000011df98800 JavaThread "org.eclipse.cdt.internal.ui.text.CReconciler" daemon [_thread_blocked, id=81255, stack(0x000070000fefd000,0x000070000fffd000)]
  0x000000012e6e7800 JavaThread "Worker-89" [_thread_blocked, id=120603, stack(0x0000700010206000,0x0000700010306000)]
  0x000000012d97f000 JavaThread "Worker-88" [_thread_blocked, id=111563, stack(0x000070000fdfa000,0x000070000fefa000)]
  0x000000011dcf5800 JavaThread "Worker-87" [_thread_in_Java, id=82323, stack(0x000070000fcf7000,0x000070000fdf7000)]
  0x0000000100cea000 JavaThread "Worker-86" [_thread_blocked, id=67727, stack(0x000070000f96e000,0x000070000fa6e000)]
  0x000000011e9d3800 JavaThread "Worker-83" [_thread_blocked, id=104595, stack(0x000070000f55f000,0x000070000f65f000)]
  0x000000011ef0c800 JavaThread "Worker-82" [_thread_blocked, id=91895, stack(0x000070000f2d6000,0x000070000f3d6000)]
  0x000000011deee000 JavaThread "org.eclipse.cdt.internal.ui.text.CReconciler" daemon [_thread_blocked, id=65315, stack(0x000070000fbf4000,0x000070000fcf4000)]
  0x000000011e9e5000 JavaThread "org.eclipse.cdt.internal.ui.text.CReconciler" daemon [_thread_blocked, id=54287, stack(0x000070000faf1000,0x000070000fbf1000)]
  0x0000000101774000 JavaThread "Bundle File Closer" daemon [_thread_blocked, id=45335, stack(0x000070000f7e8000,0x000070000f8e8000)]
  0x000000011dbed000 JavaThread "[ThreadPool Manager] - Idle Thread" daemon [_thread_blocked, id=31327, stack(0x000070000f3d9000,0x000070000f4d9000)]
  0x000000011e9aa000 JavaThread "EMF Reference Cleaner" daemon [_thread_blocked, id=30987, stack(0x000070000eb3b000,0x000070000ec3b000)]
  0x000000011e824000 JavaThread "Worker-JM" [_thread_blocked, id=51219, stack(0x000070000f0d0000,0x000070000f1d0000)]
  0x00000001009f3800 JavaThread "[Timer] - Main Queue Handler" daemon [_thread_blocked, id=27919, stack(0x000070000f1d3000,0x000070000f2d3000)]
  0x00000001008b9800 JavaThread "Framework Event Dispatcher" daemon [_thread_blocked, id=49155, stack(0x000070000efcd000,0x000070000f0cd000)]
  0x0000000100913000 JavaThread "Start Level Event Dispatcher" daemon [_thread_blocked, id=29967, stack(0x000070000eeca000,0x000070000efca000)]
  0x0000000100c7b000 JavaThread "State Data Manager" daemon [_thread_blocked, id=19211, stack(0x000070000edc7000,0x000070000eec7000)]
  0x0000000101511800 JavaThread "Framework Active Thread" [_thread_blocked, id=5387, stack(0x000070000ecc4000,0x000070000edc4000)]
  0x0000000100895800 JavaThread "Service Thread" daemon [_thread_blocked, id=25603, stack(0x000070000e935000,0x000070000ea35000)]
  0x000000010088a000 JavaThread "C1 CompilerThread1" daemon [_thread_blocked, id=25091, stack(0x000070000e832000,0x000070000e932000)]
  0x0000000101066000 JavaThread "C2 CompilerThread0" daemon [_thread_blocked, id=24579, stack(0x000070000e72f000,0x000070000e82f000)]
  0x0000000101065000 JavaThread "Signal Dispatcher" daemon [_thread_blocked, id=24067, stack(0x000070000e62c000,0x000070000e72c000)]
  0x0000000100875000 JavaThread "Finalizer" daemon [_thread_blocked, id=22787, stack(0x000070000e529000,0x000070000e629000)]
  0x000000010086c800 JavaThread "Reference Handler" daemon [_thread_blocked, id=22275, stack(0x000070000e426000,0x000070000e526000)]
  0x000000010080d000 JavaThread "main" [_thread_in_native, id=775, stack(0x00007fff5f400000,0x00007fff5fc00000)]

Other Threads:
  0x000000010086a000 VMThread [stack: 0x000070000e323000,0x000070000e423000] [id=6663]
  0x000000010103e000 WatcherThread [stack: 0x000070000ea38000,0x000070000eb38000] [id=26115]

VM state:not at safepoint (normal execution)

VM Mutex/Monitor currently owned by a thread: None

Heap:
 PSYoungGen      total 163840K, used 144826K [0x00000007b5580000, 0x00000007c0000000, 0x00000007c0000000)
  eden space 153088K, 90% used [0x00000007b5580000,0x00000007bdc39fe8,0x00000007beb00000)
  from space 10752K, 63% used [0x00000007bf580000,0x00000007bfc34c00,0x00000007c0000000)
  to   space 10752K, 0% used [0x00000007beb00000,0x00000007beb00000,0x00000007bf580000)
 ParOldGen       total 86528K, used 55940K [0x00000007a0000000, 0x00000007a5480000, 0x00000007b5580000)
  object space 86528K, 64% used [0x00000007a0000000,0x00000007a36a10a0,0x00000007a5480000)
 Metaspace       used 90959K, capacity 97681K, committed 98008K, reserved 1134592K
  class space    used 10865K, capacity 12945K, committed 13056K, reserved 1048576K

Card table byte_map: [0x0000000102bc8000,0x0000000102cc9000] byte_map_base: 0x00000000feec8000

Marking Bits: (ParMarkBitMap*) 0x0000000102516d20
 Begin Bits: [0x0000000113c31000, 0x0000000114431000)
 End Bits:   [0x0000000114431000, 0x0000000114c31000)

Polling page: 0x0000000100763000

CodeCache: size=245760Kb used=70958Kb max_used=71258Kb free=174801Kb
 bounds [0x0000000104871000, 0x0000000108ea1000, 0x0000000113871000]
 total_blobs=18405 nmethods=17658 adapters=654
 compilation: enabled

Compilation events (10 events):
Event: 11664.998 Thread 0x0000000101066000 26020       4       org.eclipse.cdt.internal.ui.cview.CViewLabelProvider::getImage (209 bytes)
Event: 11664.999 Thread 0x0000000101066000 nmethod 26020 0x0000000107054b10 code [0x0000000107054c80, 0x0000000107054da8]
Event: 11665.000 Thread 0x000000010088a000 26021   !   3       org.eclipse.cdt.utils.macho.parser.MachOBinaryObject64::getAdapter (62 bytes)
Event: 11665.001 Thread 0x000000010088a000 nmethod 26021 0x00000001061ca150 code [0x00000001061ca360, 0x00000001061cade8]
Event: 11665.002 Thread 0x000000010088a000 26022       1       org.eclipse.cdt.internal.core.pdom.indexer.DeltaAnalyzer::getChangedList (5 bytes)
Event: 11665.003 Thread 0x000000010088a000 nmethod 26022 0x00000001061c9e10 code [0x00000001061c9f60, 0x00000001061ca070]
Event: 11665.004 Thread 0x000000010088a000 26023 % !   3       sun.nio.fs.UnixPath::initOffsets @ 23 (189 bytes)
Event: 11665.005 Thread 0x000000010088a000 nmethod 26023% 0x0000000106b46350 code [0x0000000106b46520, 0x0000000106b46f10]
Event: 11665.009 Thread 0x000000010088a000 26024       1       org.eclipse.debug.internal.ui.launchConfigurations.LaunchHistory::getLaunchGroup (5 bytes)
Event: 11665.009 Thread 0x000000010088a000 nmethod 26024 0x00000001052a5110 code [0x00000001052a5260, 0x00000001052a5370]

GC Heap History (10 events):
Event: 11594.402 GC heap before
{Heap before GC invocations=253 (full 75):
 PSYoungGen      total 164352K, used 4682K [0x00000007b5580000, 0x00000007c0000000, 0x00000007c0000000)
  eden space 153600K, 0% used [0x00000007b5580000,0x00000007b5580000,0x00000007beb80000)
  from space 10752K, 43% used [0x00000007bf580000,0x00000007bfa128e8,0x00000007c0000000)
  to   space 10240K, 0% used [0x00000007beb80000,0x00000007beb80000,0x00000007bf580000)
 ParOldGen       total 86528K, used 56088K [0x00000007a0000000, 0x00000007a5480000, 0x00000007b5580000)
  object space 86528K, 64% used [0x00000007a0000000,0x00000007a36c6110,0x00000007a5480000)
 Metaspace       used 90841K, capacity 97553K, committed 97752K, reserved 1134592K
  class space    used 10864K, capacity 12945K, committed 13056K, reserved 1048576K
Event: 11594.783 GC heap after
Heap after GC invocations=253 (full 75):
 PSYoungGen      total 164352K, used 0K [0x00000007b5580000, 0x00000007c0000000, 0x00000007c0000000)
  eden space 153600K, 0% used [0x00000007b5580000,0x00000007b5580000,0x00000007beb80000)
  from space 10752K, 0% used [0x00000007bf580000,0x00000007bf580000,0x00000007c0000000)
  to   space 10240K, 0% used [0x00000007beb80000,0x00000007beb80000,0x00000007bf580000)
 ParOldGen       total 86528K, used 55940K [0x00000007a0000000, 0x00000007a5480000, 0x00000007b5580000)
  object space 86528K, 64% used [0x00000007a0000000,0x00000007a36a10a0,0x00000007a5480000)
 Metaspace       used 90841K, capacity 97553K, committed 97752K, reserved 1134592K
  class space    used 10864K, capacity 12945K, committed 13056K, reserved 1048576K
}
Event: 11602.548 GC heap before
{Heap before GC invocations=254 (full 75):
 PSYoungGen      total 164352K, used 153600K [0x00000007b5580000, 0x00000007c0000000, 0x00000007c0000000)
  eden space 153600K, 100% used [0x00000007b5580000,0x00000007beb80000,0x00000007beb80000)
  from space 10752K, 0% used [0x00000007bf580000,0x00000007bf580000,0x00000007c0000000)
  to   space 10240K, 0% used [0x00000007beb80000,0x00000007beb80000,0x00000007bf580000)
 ParOldGen       total 86528K, used 55940K [0x00000007a0000000, 0x00000007a5480000, 0x00000007b5580000)
  object space 86528K, 64% used [0x00000007a0000000,0x00000007a36a10a0,0x00000007a5480000)
 Metaspace       used 90843K, capacity 97553K, committed 97752K, reserved 1134592K
  class space    used 10864K, capacity 12945K, committed 13056K, reserved 1048576K
Event: 11602.562 GC heap after
Heap after GC invocations=254 (full 75):
 PSYoungGen      total 158720K, used 4889K [0x00000007b5580000, 0x00000007bfe80000, 0x00000007c0000000)
  eden space 153600K, 0% used [0x00000007b5580000,0x00000007b5580000,0x00000007beb80000)
  from space 5120K, 95% used [0x00000007beb80000,0x00000007bf046568,0x00000007bf080000)
  to   space 9728K, 0% used [0x00000007bf500000,0x00000007bf500000,0x00000007bfe80000)
 ParOldGen       total 86528K, used 55940K [0x00000007a0000000, 0x00000007a5480000, 0x00000007b5580000)
  object space 86528K, 64% used [0x00000007a0000000,0x00000007a36a10a0,0x00000007a5480000)
 Metaspace       used 90843K, capacity 97553K, committed 97752K, reserved 1134592K
  class space    used 10864K, capacity 12945K, committed 13056K, reserved 1048576K
}
Event: 11606.139 GC heap before
{Heap before GC invocations=255 (full 75):
 PSYoungGen      total 158720K, used 158489K [0x00000007b5580000, 0x00000007bfe80000, 0x00000007c0000000)
  eden space 153600K, 100% used [0x00000007b5580000,0x00000007beb80000,0x00000007beb80000)
  from space 5120K, 95% used [0x00000007beb80000,0x00000007bf046568,0x00000007bf080000)
  to   space 9728K, 0% used [0x00000007bf500000,0x00000007bf500000,0x00000007bfe80000)
 ParOldGen       total 86528K, used 55940K [0x00000007a0000000, 0x00000007a5480000, 0x00000007b5580000)
  object space 86528K, 64% used [0x00000007a0000000,0x00000007a36a10a0,0x00000007a5480000)
 Metaspace       used 90843K, capacity 97553K, committed 97752K, reserved 1134592K
  class space    used 10864K, capacity 12945K, committed 13056K, reserved 1048576K
Event: 11606.156 GC heap after
Heap after GC invocations=255 (full 75):
 PSYoungGen      total 163328K, used 5497K [0x00000007b5580000, 0x00000007c0000000, 0x00000007c0000000)
  eden space 153600K, 0% used [0x00000007b5580000,0x00000007b5580000,0x00000007beb80000)
  from space 9728K, 56% used [0x00000007bf500000,0x00000007bfa5e568,0x00000007bfe80000)
  to   space 9728K, 0% used [0x00000007beb80000,0x00000007beb80000,0x00000007bf500000)
 ParOldGen       total 86528K, used 55940K [0x00000007a0000000, 0x00000007a5480000, 0x00000007b5580000)
  object space 86528K, 64% used [0x00000007a0000000,0x00000007a36a10a0,0x00000007a5480000)
 Metaspace       used 90843K, capacity 97553K, committed 97752K, reserved 1134592K
  class space    used 10864K, capacity 12945K, committed 13056K, reserved 1048576K
}
Event: 11619.884 GC heap before
{Heap before GC invocations=256 (full 75):
 PSYoungGen      total 163328K, used 159097K [0x00000007b5580000, 0x00000007c0000000, 0x00000007c0000000)
  eden space 153600K, 100% used [0x00000007b5580000,0x00000007beb80000,0x00000007beb80000)
  from space 9728K, 56% used [0x00000007bf500000,0x00000007bfa5e568,0x00000007bfe80000)
  to   space 9728K, 0% used [0x00000007beb80000,0x00000007beb80000,0x00000007bf500000)
 ParOldGen       total 86528K, used 55940K [0x00000007a0000000, 0x00000007a5480000, 0x00000007b5580000)
  object space 86528K, 64% used [0x00000007a0000000,0x00000007a36a10a0,0x00000007a5480000)
 Metaspace       used 90860K, capacity 97553K, committed 97752K, reserved 1134592K
  class space    used 10864K, capacity 12945K, committed 13056K, reserved 1048576K
Event: 11619.907 GC heap after
Heap after GC invocations=256 (full 75):
 PSYoungGen      total 163328K, used 9180K [0x00000007b5580000, 0x00000007c0000000, 0x00000007c0000000)
  eden space 153600K, 0% used [0x00000007b5580000,0x00000007b5580000,0x00000007beb80000)
  from space 9728K, 94% used [0x00000007beb80000,0x00000007bf477138,0x00000007bf500000)
  to   space 10752K, 0% used [0x00000007bf580000,0x00000007bf580000,0x00000007c0000000)
 ParOldGen       total 86528K, used 55940K [0x00000007a0000000, 0x00000007a5480000, 0x00000007b5580000)
  object space 86528K, 64% used [0x00000007a0000000,0x00000007a36a10a0,0x00000007a5480000)
 Metaspace       used 90860K, capacity 97553K, committed 97752K, reserved 1134592K
  class space    used 10864K, capacity 12945K, committed 13056K, reserved 1048576K
}
Event: 11621.634 GC heap before
{Heap before GC invocations=257 (full 75):
 PSYoungGen      total 163328K, used 162780K [0x00000007b5580000, 0x00000007c0000000, 0x00000007c0000000)
  eden space 153600K, 100% used [0x00000007b5580000,0x00000007beb80000,0x00000007beb80000)
  from space 9728K, 94% used [0x00000007beb80000,0x00000007bf477138,0x00000007bf500000)
  to   space 10752K, 0% used [0x00000007bf580000,0x00000007bf580000,0x00000007c0000000)
 ParOldGen       total 86528K, used 55940K [0x00000007a0000000, 0x00000007a5480000, 0x00000007b5580000)
  object space 86528K, 64% used [0x00000007a0000000,0x00000007a36a10a0,0x00000007a5480000)
 Metaspace       used 90882K, capacity 97617K, committed 97752K, reserved 1134592K
  class space    used 10865K, capacity 12945K, committed 13056K, reserved 1048576K
Event: 11621.653 GC heap after
Heap after GC invocations=257 (full 75):
 PSYoungGen      total 163840K, used 6867K [0x00000007b5580000, 0x00000007c0000000, 0x00000007c0000000)
  eden space 153088K, 0% used [0x00000007b5580000,0x00000007b5580000,0x00000007beb00000)
  from space 10752K, 63% used [0x00000007bf580000,0x00000007bfc34c00,0x00000007c0000000)
  to   space 10752K, 0% used [0x00000007beb00000,0x00000007beb00000,0x00000007bf580000)
 ParOldGen       total 86528K, used 55940K [0x00000007a0000000, 0x00000007a5480000, 0x00000007b5580000)
  object space 86528K, 64% used [0x00000007a0000000,0x00000007a36a10a0,0x00000007a5480000)
 Metaspace       used 90882K, capacity 97617K, committed 97752K, reserved 1134592K
  class space    used 10865K, capacity 12945K, committed 13056K, reserved 1048576K
}

Deoptimization events (10 events):
Event: 11620.174 Thread 0x0000000100cea000 Uncommon trap: reason=unstable_if action=reinterpret pc=0x00000001078b7504 method=org.eclipse.cdt.internal.core.dom.parser.cpp.CPPImplicitMethod.getPrimaryDeclaration()Lorg/eclipse/cdt/core/dom/ast/IASTDeclaration; @ 207
Event: 11620.174 Thread 0x0000000100cea000 Uncommon trap: reason=unstable_if action=reinterpret pc=0x0000000107589d04 method=org.eclipse.cdt.internal.core.dom.parser.cpp.CPPMethod.getPrimaryDeclaration()Lorg/eclipse/cdt/core/dom/ast/IASTDeclaration; @ 4
Event: 11620.175 Thread 0x0000000100cea000 Uncommon trap: reason=bimorphic action=maybe_recompile pc=0x00000001077a35cc method=org.eclipse.cdt.internal.core.pdom.dom.cpp.CPPFindBinding$CPPFindBindingVisitor.matches(Lorg/eclipse/cdt/internal/core/pdom/dom/PDOMBinding;)Z @ 19
Event: 11620.176 Thread 0x0000000100cea000 Uncommon trap: reason=bimorphic action=maybe_recompile pc=0x00000001077a35cc method=org.eclipse.cdt.internal.core.pdom.dom.cpp.CPPFindBinding$CPPFindBindingVisitor.matches(Lorg/eclipse/cdt/internal/core/pdom/dom/PDOMBinding;)Z @ 19
Event: 11620.177 Thread 0x0000000100cea000 Uncommon trap: reason=bimorphic action=maybe_recompile pc=0x00000001077a35cc method=org.eclipse.cdt.internal.core.pdom.dom.cpp.CPPFindBinding$CPPFindBindingVisitor.matches(Lorg/eclipse/cdt/internal/core/pdom/dom/PDOMBinding;)Z @ 19
Event: 11620.178 Thread 0x0000000100cea000 Uncommon trap: reason=bimorphic action=maybe_recompile pc=0x00000001077a35cc method=org.eclipse.cdt.internal.core.pdom.dom.cpp.CPPFindBinding$CPPFindBindingVisitor.matches(Lorg/eclipse/cdt/internal/core/pdom/dom/PDOMBinding;)Z @ 19
Event: 11620.202 Thread 0x0000000100cea000 Uncommon trap: reason=unstable_if action=reinterpret pc=0x00000001075da9cc method=org.eclipse.cdt.internal.core.pdom.PDOM.hasWaitingReaders()Z @ 11
Event: 11621.371 Thread 0x000000010080d000 Uncommon trap: reason=unstable_if action=reinterpret pc=0x00000001064278a0 method=org.eclipse.swt.widgets.Display.sleep()Z @ 8
Event: 11621.802 Thread 0x000000011deee000 Uncommon trap: reason=class_check action=maybe_recompile pc=0x0000000107969fc8 method=org.eclipse.cdt.codan.core.cxx.CxxAstUtils.unwindTypedef(Lorg/eclipse/cdt/core/dom/ast/IType;)Lorg/eclipse/cdt/core/dom/ast/IType; @ 35
Event: 11664.902 Thread 0x000000011dcf5800 Uncommon trap: reason=unstable_if action=reinterpret pc=0x00000001086deaec method=org.eclipse.cdt.internal.core.model.CModelManager.releaseCElement(Lorg/eclipse/cdt/core/model/ICElement;)V @ 197

Internal exceptions (10 events):
Event: 11658.727 Thread 0x000000011eb76000 Exception <a 'java/lang/UnsatisfiedLinkError': org.eclipse.cdt.utils.spawner.SpawnerInputStream.available0(I)I> (0x00000007bcc53eb8) thrown at [/Users/java_re/workspace/8-2-build-macosx-x86_64/jdk8u111/7883/hotspot/src/share/vm/prims/nativeLookup.cpp, lin
Event: 11658.728 Thread 0x000000011eb76000 Exception <a 'java/lang/UnsatisfiedLinkError': org.eclipse.cdt.utils.spawner.SpawnerInputStream.available0(I)I> (0x00000007bcc56530) thrown at [/Users/java_re/workspace/8-2-build-macosx-x86_64/jdk8u111/7883/hotspot/src/share/vm/prims/nativeLookup.cpp, lin
Event: 11662.253 Thread 0x000000011eb76000 Exception <a 'java/lang/UnsatisfiedLinkError': org.eclipse.cdt.utils.spawner.SpawnerInputStream.available0(I)I> (0x00000007bcc5a830) thrown at [/Users/java_re/workspace/8-2-build-macosx-x86_64/jdk8u111/7883/hotspot/src/share/vm/prims/nativeLookup.cpp, lin
Event: 11662.259 Thread 0x000000011eb76000 Exception <a 'java/lang/UnsatisfiedLinkError': org.eclipse.cdt.utils.spawner.SpawnerInputStream.available0(I)I> (0x00000007bcc5d030) thrown at [/Users/java_re/workspace/8-2-build-macosx-x86_64/jdk8u111/7883/hotspot/src/share/vm/prims/nativeLookup.cpp, lin
Event: 11662.265 Thread 0x000000011eb76000 Exception <a 'java/lang/UnsatisfiedLinkError': org.eclipse.cdt.utils.spawner.SpawnerInputStream.available0(I)I> (0x00000007bcc5f3f8) thrown at [/Users/java_re/workspace/8-2-build-macosx-x86_64/jdk8u111/7883/hotspot/src/share/vm/prims/nativeLookup.cpp, lin
Event: 11662.272 Thread 0x000000011eb76000 Exception <a 'java/lang/UnsatisfiedLinkError': org.eclipse.cdt.utils.spawner.SpawnerInputStream.available0(I)I> (0x00000007bcc61a70) thrown at [/Users/java_re/workspace/8-2-build-macosx-x86_64/jdk8u111/7883/hotspot/src/share/vm/prims/nativeLookup.cpp, lin
Event: 11662.274 Thread 0x000000011eb76000 Exception <a 'java/lang/UnsatisfiedLinkError': org.eclipse.cdt.utils.spawner.SpawnerInputStream.available0(I)I> (0x00000007bcc64118) thrown at [/Users/java_re/workspace/8-2-build-macosx-x86_64/jdk8u111/7883/hotspot/src/share/vm/prims/nativeLookup.cpp, lin
Event: 11664.809 Thread 0x000000011eb76000 Exception <a 'java/lang/UnsatisfiedLinkError': org.eclipse.cdt.utils.spawner.SpawnerInputStream.available0(I)I> (0x00000007bcfdce40) thrown at [/Users/java_re/workspace/8-2-build-macosx-x86_64/jdk8u111/7883/hotspot/src/share/vm/prims/nativeLookup.cpp, lin
Event: 11664.816 Thread 0x000000011eb76000 Exception <a 'java/lang/UnsatisfiedLinkError': org.eclipse.cdt.utils.spawner.SpawnerInputStream.available0(I)I> (0x00000007bcfdf640) thrown at [/Users/java_re/workspace/8-2-build-macosx-x86_64/jdk8u111/7883/hotspot/src/share/vm/prims/nativeLookup.cpp, lin
Event: 11664.940 Thread 0x000000011ef91800 Exception <a 'sun/nio/fs/UnixException'> (0x00000007bd77a2b0) thrown at [/Users/java_re/workspace/8-2-build-macosx-x86_64/jdk8u111/7883/hotspot/src/share/vm/prims/jni.cpp, line 709]

Events (10 events):
Event: 11664.952 Executing VM operation: RevokeBias done
Event: 11665.002 Executing VM operation: RevokeBias
Event: 11665.002 Executing VM operation: RevokeBias done
Event: 11665.003 Executing VM operation: RevokeBias
Event: 11665.003 Executing VM operation: RevokeBias done
Event: 11665.006 Thread 0x0000000100b2b000 Thread added: 0x0000000100b2b000
Event: 11665.006 Thread 0x0000000100b2b000 Thread exited: 0x0000000100b2b000
Event: 11665.008 Executing VM operation: RevokeBias
Event: 11665.008 Executing VM operation: RevokeBias done
Event: 11665.009 Thread 0x0000000100b2b000 Thread added: 0x0000000100b2b000


Dynamic libraries:
0x0000000033a49000 	/System/Library/Frameworks/Cocoa.framework/Versions/A/Cocoa
0x0000000033a49000 	/usr/lib/libSystem.B.dylib
0x0000000033a49000 	/System/Library/Frameworks/CoreServices.framework/Versions/A/CoreServices
0x0000000033a49000 	/usr/lib/libobjc.A.dylib
0x0000000033a49000 	/System/Library/Frameworks/CoreFoundation.framework/Versions/A/CoreFoundation
0x0000000033a49000 	/System/Library/Frameworks/AppKit.framework/Versions/C/AppKit
0x0000000033a49000 	/System/Library/Frameworks/ApplicationServices.framework/Versions/A/ApplicationServices
0x0000000033a49000 	/System/Library/Frameworks/Foundation.framework/Versions/C/Foundation
0x0000000033a49000 	/System/Library/Frameworks/CoreData.framework/Versions/A/CoreData
0x0000000033a49000 	/System/Library/PrivateFrameworks/RemoteViewServices.framework/Versions/A/RemoteViewServices
0x0000000033a49000 	/System/Library/PrivateFrameworks/UIFoundation.framework/Versions/A/UIFoundation
0x0000000033a49000 	/System/Library/PrivateFrameworks/DFRFoundation.framework/Versions/A/DFRFoundation
0x0000000033a49000 	/usr/lib/libenergytrace.dylib
0x0000000033a49000 	/System/Library/PrivateFrameworks/SkyLight.framework/Versions/A/SkyLight
0x0000000033a49000 	/System/Library/Frameworks/CoreGraphics.framework/Versions/A/CoreGraphics
0x0000000033a49000 	/usr/lib/libScreenReader.dylib
0x0000000033a49000 	/System/Library/Frameworks/Accelerate.framework/Versions/A/Accelerate
0x0000000033a49000 	/System/Library/Frameworks/IOSurface.framework/Versions/A/IOSurface
0x0000000033a49000 	/System/Library/Frameworks/AudioToolbox.framework/Versions/A/AudioToolbox
0x0000000033a49000 	/System/Library/Frameworks/AudioUnit.framework/Versions/A/AudioUnit
0x0000000033a49000 	/System/Library/PrivateFrameworks/DataDetectorsCore.framework/Versions/A/DataDetectorsCore
0x0000000033a49000 	/System/Library/PrivateFrameworks/DesktopServicesPriv.framework/Versions/A/DesktopServicesPriv
0x0000000033a49000 	/System/Library/Frameworks/Carbon.framework/Versions/A/Frameworks/HIToolbox.framework/Versions/A/HIToolbox
0x0000000033a49000 	/usr/lib/libicucore.A.dylib
0x0000000033a49000 	/usr/lib/libz.1.dylib
0x0000000033a49000 	/System/Library/Frameworks/QuartzCore.framework/Versions/A/QuartzCore
0x0000000033a49000 	/System/Library/Frameworks/Security.framework/Versions/A/Security
0x0000000033a49000 	/System/Library/Frameworks/Carbon.framework/Versions/A/Frameworks/SpeechRecognition.framework/Versions/A/SpeechRecognition
0x0000000033a49000 	/usr/lib/libauto.dylib
0x0000000033a49000 	/usr/lib/libxml2.2.dylib
0x0000000033a49000 	/System/Library/PrivateFrameworks/CoreUI.framework/Versions/A/CoreUI
0x0000000033a49000 	/System/Library/Frameworks/CoreAudio.framework/Versions/A/CoreAudio
0x0000000033a49000 	/System/Library/Frameworks/DiskArbitration.framework/Versions/A/DiskArbitration
0x0000000033a49000 	/usr/lib/liblangid.dylib
0x0000000033a49000 	/System/Library/PrivateFrameworks/MultitouchSupport.framework/Versions/A/MultitouchSupport
0x0000000033a49000 	/System/Library/Frameworks/IOKit.framework/Versions/A/IOKit
0x0000000033a49000 	/usr/lib/libDiagnosticMessagesClient.dylib
0x0000000033a49000 	/System/Library/PrivateFrameworks/PerformanceAnalysis.framework/Versions/A/PerformanceAnalysis
0x0000000033a49000 	/System/Library/PrivateFrameworks/GenerationalStorage.framework/Versions/A/GenerationalStorage
0x0000000033a49000 	/System/Library/Frameworks/OpenGL.framework/Versions/A/OpenGL
0x0000000033a49000 	/System/Library/Frameworks/CoreImage.framework/Versions/A/CoreImage
0x0000000033a49000 	/System/Library/Frameworks/CoreText.framework/Versions/A/CoreText
0x0000000033a49000 	/System/Library/Frameworks/ImageIO.framework/Versions/A/ImageIO
0x0000000033a49000 	/System/Library/PrivateFrameworks/Backup.framework/Versions/A/Backup
0x0000000033a49000 	/usr/lib/libarchive.2.dylib
0x0000000033a49000 	/System/Library/Frameworks/CFNetwork.framework/Versions/A/CFNetwork
0x0000000033a49000 	/System/Library/Frameworks/SystemConfiguration.framework/Versions/A/SystemConfiguration
0x0000000033a49000 	/usr/lib/libCRFSuite.dylib
0x0000000033a49000 	/usr/lib/libc++.1.dylib
0x0000000033a49000 	/usr/lib/libc++abi.dylib
0x0000000033a49000 	/usr/lib/system/libcache.dylib
0x0000000033a49000 	/usr/lib/system/libcommonCrypto.dylib
0x0000000033a49000 	/usr/lib/system/libcompiler_rt.dylib
0x0000000033a49000 	/usr/lib/system/libcopyfile.dylib
0x0000000033a49000 	/usr/lib/system/libcorecrypto.dylib
0x0000000033a49000 	/usr/lib/system/libdispatch.dylib
0x0000000033a49000 	/usr/lib/system/libdyld.dylib
0x0000000033a49000 	/usr/lib/system/libkeymgr.dylib
0x0000000033a49000 	/usr/lib/system/liblaunch.dylib
0x0000000033a49000 	/usr/lib/system/libmacho.dylib
0x0000000033a49000 	/usr/lib/system/libquarantine.dylib
0x0000000033a49000 	/usr/lib/system/libremovefile.dylib
0x0000000033a49000 	/usr/lib/system/libsystem_asl.dylib
0x0000000033a49000 	/usr/lib/system/libsystem_blocks.dylib
0x0000000033a49000 	/usr/lib/system/libsystem_c.dylib
0x0000000033a49000 	/usr/lib/system/libsystem_configuration.dylib
0x0000000033a49000 	/usr/lib/system/libsystem_coreservices.dylib
0x0000000033a49000 	/usr/lib/system/libsystem_coretls.dylib
0x0000000033a49000 	/usr/lib/system/libsystem_dnssd.dylib
0x0000000033a49000 	/usr/lib/system/libsystem_info.dylib
0x0000000033a49000 	/usr/lib/system/libsystem_kernel.dylib
0x0000000033a49000 	/usr/lib/system/libsystem_m.dylib
0x0000000033a49000 	/usr/lib/system/libsystem_malloc.dylib
0x0000000033a49000 	/usr/lib/system/libsystem_network.dylib
0x0000000033a49000 	/usr/lib/system/libsystem_networkextension.dylib
0x0000000033a49000 	/usr/lib/system/libsystem_notify.dylib
0x0000000033a49000 	/usr/lib/system/libsystem_platform.dylib
0x0000000033a49000 	/usr/lib/system/libsystem_pthread.dylib
0x0000000033a49000 	/usr/lib/system/libsystem_sandbox.dylib
0x0000000033a49000 	/usr/lib/system/libsystem_secinit.dylib
0x0000000033a49000 	/usr/lib/system/libsystem_symptoms.dylib
0x0000000033a49000 	/usr/lib/system/libsystem_trace.dylib
0x0000000033a49000 	/usr/lib/system/libunwind.dylib
0x0000000033a49000 	/usr/lib/system/libxpc.dylib
0x0000000033a49000 	/usr/lib/libbsm.0.dylib
0x0000000033a49000 	/usr/lib/system/libkxld.dylib
0x0000000033a49000 	/usr/lib/libcoretls.dylib
0x0000000033a49000 	/usr/lib/libcoretls_cfhelpers.dylib
0x0000000033a49000 	/usr/lib/libxar.1.dylib
0x0000000033a49000 	/usr/lib/libsqlite3.dylib
0x0000000033a49000 	/usr/lib/libpam.2.dylib
0x0000000033a49000 	/usr/lib/libOpenScriptingUtil.dylib
0x0000000033a49000 	/usr/lib/libbz2.1.0.dylib
0x0000000033a49000 	/usr/lib/liblzma.5.dylib
0x0000000033a49000 	/usr/lib/libnetwork.dylib
0x0000000033a49000 	/usr/lib/libpcap.A.dylib
0x0000000033a49000 	/System/Library/Frameworks/CoreServices.framework/Versions/A/Frameworks/FSEvents.framework/Versions/A/FSEvents
0x0000000033a49000 	/System/Library/Frameworks/CoreServices.framework/Versions/A/Frameworks/CarbonCore.framework/Versions/A/CarbonCore
0x0000000033a49000 	/System/Library/Frameworks/CoreServices.framework/Versions/A/Frameworks/Metadata.framework/Versions/A/Metadata
0x0000000033a49000 	/System/Library/Frameworks/CoreServices.framework/Versions/A/Frameworks/OSServices.framework/Versions/A/OSServices
0x0000000033a49000 	/System/Library/Frameworks/CoreServices.framework/Versions/A/Frameworks/SearchKit.framework/Versions/A/SearchKit
0x0000000033a49000 	/System/Library/Frameworks/CoreServices.framework/Versions/A/Frameworks/AE.framework/Versions/A/AE
0x0000000033a49000 	/System/Library/Frameworks/CoreServices.framework/Versions/A/Frameworks/LaunchServices.framework/Versions/A/LaunchServices
0x0000000033a49000 	/System/Library/Frameworks/CoreServices.framework/Versions/A/Frameworks/DictionaryServices.framework/Versions/A/DictionaryServices
0x0000000033a49000 	/System/Library/Frameworks/CoreServices.framework/Versions/A/Frameworks/SharedFileList.framework/Versions/A/SharedFileList
0x0000000033a49000 	/System/Library/Frameworks/NetFS.framework/Versions/A/NetFS
0x0000000033a49000 	/System/Library/PrivateFrameworks/NetAuth.framework/Versions/A/NetAuth
0x0000000033a49000 	/System/Library/PrivateFrameworks/login.framework/Versions/A/Frameworks/loginsupport.framework/Versions/A/loginsupport
0x0000000033a49000 	/System/Library/PrivateFrameworks/TCC.framework/Versions/A/TCC
0x0000000033a49000 	/usr/lib/libmecabra.dylib
0x0000000033a49000 	/System/Library/Frameworks/ApplicationServices.framework/Versions/A/Frameworks/ATS.framework/Versions/A/ATS
0x0000000033a49000 	/System/Library/Frameworks/ApplicationServices.framework/Versions/A/Frameworks/ColorSync.framework/Versions/A/ColorSync
0x0000000033a49000 	/System/Library/Frameworks/ApplicationServices.framework/Versions/A/Frameworks/HIServices.framework/Versions/A/HIServices
0x0000000033a49000 	/System/Library/Frameworks/ApplicationServices.framework/Versions/A/Frameworks/LangAnalysis.framework/Versions/A/LangAnalysis
0x0000000033a49000 	/System/Library/Frameworks/ApplicationServices.framework/Versions/A/Frameworks/PrintCore.framework/Versions/A/PrintCore
0x0000000033a49000 	/System/Library/Frameworks/ApplicationServices.framework/Versions/A/Frameworks/QD.framework/Versions/A/QD
0x0000000033a49000 	/System/Library/Frameworks/ApplicationServices.framework/Versions/A/Frameworks/SpeechSynthesis.framework/Versions/A/SpeechSynthesis
0x0000000033a49000 	/System/Library/Frameworks/Accelerate.framework/Versions/A/Frameworks/vImage.framework/Versions/A/vImage
0x0000000033a49000 	/System/Library/Frameworks/Accelerate.framework/Versions/A/Frameworks/vecLib.framework/Versions/A/vecLib
0x0000000033a49000 	/System/Library/Frameworks/Accelerate.framework/Versions/A/Frameworks/vecLib.framework/Versions/A/libvDSP.dylib
0x0000000033a49000 	/System/Library/Frameworks/Accelerate.framework/Versions/A/Frameworks/vecLib.framework/Versions/A/libBNNS.dylib
0x0000000033a49000 	/System/Library/Frameworks/Accelerate.framework/Versions/A/Frameworks/vecLib.framework/Versions/A/libQuadrature.dylib
0x0000000033a49000 	/System/Library/Frameworks/Accelerate.framework/Versions/A/Frameworks/vecLib.framework/Versions/A/libvMisc.dylib
0x0000000033a49000 	/System/Library/Frameworks/Accelerate.framework/Versions/A/Frameworks/vecLib.framework/Versions/A/libLAPACK.dylib
0x0000000033a49000 	/System/Library/Frameworks/Accelerate.framework/Versions/A/Frameworks/vecLib.framework/Versions/A/libBLAS.dylib
0x0000000033a49000 	/System/Library/Frameworks/Accelerate.framework/Versions/A/Frameworks/vecLib.framework/Versions/A/libLinearAlgebra.dylib
0x0000000033a49000 	/System/Library/Frameworks/Accelerate.framework/Versions/A/Frameworks/vecLib.framework/Versions/A/libSparseBLAS.dylib
0x0000000033a49000 	/System/Library/Frameworks/ApplicationServices.framework/Versions/A/Frameworks/ATS.framework/Versions/A/Resources/libFontParser.dylib
0x0000000033a49000 	/System/Library/Frameworks/ApplicationServices.framework/Versions/A/Frameworks/ATS.framework/Versions/A/Resources/libFontRegistry.dylib
0x0000000033a49000 	/System/Library/Frameworks/ImageIO.framework/Versions/A/Resources/libJPEG.dylib
0x0000000033a49000 	/System/Library/Frameworks/ImageIO.framework/Versions/A/Resources/libTIFF.dylib
0x0000000033a49000 	/System/Library/Frameworks/ImageIO.framework/Versions/A/Resources/libPng.dylib
0x0000000033a49000 	/System/Library/Frameworks/ImageIO.framework/Versions/A/Resources/libGIF.dylib
0x0000000033a49000 	/System/Library/Frameworks/ImageIO.framework/Versions/A/Resources/libJP2.dylib
0x0000000033a49000 	/System/Library/Frameworks/ImageIO.framework/Versions/A/Resources/libRadiance.dylib
0x0000000033a49000 	/usr/lib/libcompression.dylib
0x0000000033a49000 	/System/Library/PrivateFrameworks/AppleJPEG.framework/Versions/A/AppleJPEG
0x0000000033a49000 	/usr/lib/libcups.2.dylib
0x0000000033a49000 	/System/Library/Frameworks/Kerberos.framework/Versions/A/Kerberos
0x0000000033a49000 	/System/Library/Frameworks/GSS.framework/Versions/A/GSS
0x0000000033a49000 	/usr/lib/libresolv.9.dylib
0x0000000033a49000 	/usr/lib/libiconv.2.dylib
0x0000000033a49000 	/System/Library/PrivateFrameworks/Heimdal.framework/Versions/A/Heimdal
0x0000000033a49000 	/usr/lib/libheimdal-asn1.dylib
0x0000000033a49000 	/System/Library/Frameworks/OpenDirectory.framework/Versions/A/OpenDirectory
0x0000000033a49000 	/System/Library/PrivateFrameworks/CommonAuth.framework/Versions/A/CommonAuth
0x0000000033a49000 	/System/Library/Frameworks/OpenDirectory.framework/Versions/A/Frameworks/CFOpenDirectory.framework/Versions/A/CFOpenDirectory
0x0000000033a49000 	/System/Library/Frameworks/SecurityFoundation.framework/Versions/A/SecurityFoundation
0x0000000033a49000 	/System/Library/PrivateFrameworks/LanguageModeling.framework/Versions/A/LanguageModeling
0x0000000033a49000 	/usr/lib/libmarisa.dylib
0x0000000033a49000 	/usr/lib/libChineseTokenizer.dylib
0x0000000033a49000 	/usr/lib/libcmph.dylib
0x0000000033a49000 	/System/Library/PrivateFrameworks/CoreEmoji.framework/Versions/A/CoreEmoji
0x0000000033a49000 	/System/Library/Frameworks/ServiceManagement.framework/Versions/A/ServiceManagement
0x0000000033a49000 	/usr/lib/libxslt.1.dylib
0x0000000033a49000 	/System/Library/Frameworks/Carbon.framework/Versions/A/Frameworks/Ink.framework/Versions/A/Ink
0x0000000033a49000 	/System/Library/PrivateFrameworks/TextureIO.framework/Versions/A/TextureIO
0x0000000033a49000 	/System/Library/Frameworks/Metal.framework/Versions/A/Metal
0x0000000033a49000 	/usr/lib/libate.dylib
0x0000000033a49000 	/System/Library/PrivateFrameworks/GPUCompiler.framework/libmetal_timestamp.dylib
0x0000000033a49000 	/System/Library/Frameworks/OpenGL.framework/Versions/A/Libraries/libCoreFSCache.dylib
0x0000000033a49000 	/System/Library/PrivateFrameworks/IOAccelerator.framework/Versions/A/IOAccelerator
0x0000000033a49000 	/System/Library/Frameworks/CoreVideo.framework/Versions/A/CoreVideo
0x0000000033a49000 	/usr/lib/libFosl_dynamic.dylib
0x0000000033a49000 	/System/Library/PrivateFrameworks/MetalPerformanceShaders.framework/Versions/A/MetalPerformanceShaders
0x0000000033a49000 	/System/Library/PrivateFrameworks/FaceCore.framework/Versions/A/FaceCore
0x0000000033a49000 	/System/Library/Frameworks/OpenCL.framework/Versions/A/OpenCL
0x0000000033a49000 	/System/Library/Frameworks/OpenGL.framework/Versions/A/Libraries/libGLU.dylib
0x0000000033a49000 	/System/Library/Frameworks/OpenGL.framework/Versions/A/Libraries/libGFXShared.dylib
0x0000000033a49000 	/System/Library/Frameworks/OpenGL.framework/Versions/A/Libraries/libGL.dylib
0x0000000033a49000 	/System/Library/Frameworks/OpenGL.framework/Versions/A/Libraries/libGLImage.dylib
0x0000000033a49000 	/System/Library/Frameworks/OpenGL.framework/Versions/A/Libraries/libCVMSPluginSupport.dylib
0x0000000033a49000 	/System/Library/Frameworks/OpenGL.framework/Versions/A/Libraries/libCoreVMClient.dylib
0x0000000033a49000 	/System/Library/PrivateFrameworks/CrashReporterSupport.framework/Versions/A/CrashReporterSupport
0x0000000033a49000 	/System/Library/PrivateFrameworks/Sharing.framework/Versions/A/Sharing
0x0000000033a49000 	/System/Library/PrivateFrameworks/IconServices.framework/Versions/A/IconServices
0x0000000033a49000 	/System/Library/PrivateFrameworks/ProtocolBuffer.framework/Versions/A/ProtocolBuffer
0x0000000033a49000 	/System/Library/PrivateFrameworks/Apple80211.framework/Versions/A/Apple80211
0x0000000033a49000 	/System/Library/Frameworks/CoreWLAN.framework/Versions/A/CoreWLAN
0x0000000033a49000 	/System/Library/PrivateFrameworks/CoreUtils.framework/Versions/A/CoreUtils
0x0000000033a49000 	/System/Library/Frameworks/IOBluetooth.framework/Versions/A/IOBluetooth
0x0000000033a49000 	/System/Library/PrivateFrameworks/CoreWiFi.framework/Versions/A/CoreWiFi
0x0000000033a49000 	/System/Library/Frameworks/CoreBluetooth.framework/Versions/A/CoreBluetooth
0x0000000033a49000 	/System/Library/Frameworks/CoreDisplay.framework/Versions/A/CoreDisplay
0x0000000033a49000 	/System/Library/PrivateFrameworks/IOPresentment.framework/Versions/A/IOPresentment
0x0000000033a49000 	/System/Library/PrivateFrameworks/DebugSymbols.framework/Versions/A/DebugSymbols
0x0000000033a49000 	/System/Library/PrivateFrameworks/CoreSymbolication.framework/Versions/A/CoreSymbolication
0x0000000033a49000 	/System/Library/PrivateFrameworks/Symbolication.framework/Versions/A/Symbolication
0x0000000033a49000 	/System/Library/PrivateFrameworks/AppleFSCompression.framework/Versions/A/AppleFSCompression
0x0000000033a49000 	/System/Library/PrivateFrameworks/SpeechRecognitionCore.framework/Versions/A/SpeechRecognitionCore
0x0000000033a49000 	/System/Library/PrivateFrameworks/ChunkingLibrary.framework/Versions/A/ChunkingLibrary
0x0000000100308000 	/Applications/eclipse/plugins/org.eclipse.equinox.launcher.cocoa.macosx.x86_64_1.1.200.v20140116-2212/eclipse_1508.so
0x0000000033a49000 	/System/Library/PrivateFrameworks/CoreServicesInternal.framework/Versions/A/CoreServicesInternal
0x0000000100710000 	/Library/Java/JavaVirtualMachines/jdk1.8.0_111.jdk/Contents/MacOS/libjli.dylib
0x0000000101c27000 	/Library/Java/JavaVirtualMachines/jdk1.8.0_111.jdk/Contents/Home/jre//lib/server/libjvm.dylib
0x0000000033a49000 	/usr/lib/libstdc++.6.dylib
0x0000000100720000 	/Library/Java/JavaVirtualMachines/jdk1.8.0_111.jdk/Contents/Home/jre/lib/libverify.dylib
0x000000010072e000 	/Library/Java/JavaVirtualMachines/jdk1.8.0_111.jdk/Contents/Home/jre/lib/libjava.dylib
0x000000010076c000 	/Library/Java/JavaVirtualMachines/jdk1.8.0_111.jdk/Contents/Home/jre/lib/libzip.dylib
0x0000000115f8c000 	/System/Library/Frameworks/JavaVM.framework/Frameworks/JavaRuntimeSupport.framework/JavaRuntimeSupport
0x0000000115fa6000 	/System/Library/Frameworks/JavaVM.framework/Versions/A/Frameworks/JavaNativeFoundation.framework/Versions/A/JavaNativeFoundation
0x0000000115fbb000 	/System/Library/Frameworks/JavaVM.framework/Versions/A/JavaVM
0x0000000033a49000 	/System/Library/Frameworks/Carbon.framework/Versions/A/Carbon
0x0000000115fc8000 	/System/Library/PrivateFrameworks/JavaLaunching.framework/Versions/A/JavaLaunching
0x0000000033a49000 	/System/Library/Frameworks/Carbon.framework/Versions/A/Frameworks/CommonPanels.framework/Versions/A/CommonPanels
0x0000000033a49000 	/System/Library/Frameworks/Carbon.framework/Versions/A/Frameworks/Help.framework/Versions/A/Help
0x0000000033a49000 	/System/Library/Frameworks/Carbon.framework/Versions/A/Frameworks/ImageCapture.framework/Versions/A/ImageCapture
0x0000000033a49000 	/System/Library/Frameworks/Carbon.framework/Versions/A/Frameworks/OpenScripting.framework/Versions/A/OpenScripting
0x0000000033a49000 	/System/Library/Frameworks/Carbon.framework/Versions/A/Frameworks/Print.framework/Versions/A/Print
0x0000000033a49000 	/System/Library/Frameworks/Carbon.framework/Versions/A/Frameworks/SecurityHI.framework/Versions/A/SecurityHI
0x0000000033a49000 	/System/Library/CoreServices/RawCamera.bundle/Contents/MacOS/RawCamera
0x0000000033a49000 	/System/Library/Frameworks/Accelerate.framework/Versions/A/Frameworks/vImage.framework/Versions/A/Libraries/libCGInterfaces.dylib
0x0000000033a49000 	/System/Library/PrivateFrameworks/FamilyControls.framework/Versions/A/FamilyControls
0x0000000033a49000 	/System/Library/PrivateFrameworks/CommerceKit.framework/Versions/A/Frameworks/CommerceCore.framework/Versions/A/CommerceCore
0x0000000033a49000 	/System/Library/PrivateFrameworks/SystemAdministration.framework/Versions/A/SystemAdministration
0x0000000033a49000 	/System/Library/PrivateFrameworks/AppContainer.framework/Versions/A/AppContainer
0x0000000033a49000 	/System/Library/PrivateFrameworks/SecCodeWrapper.framework/Versions/A/SecCodeWrapper
0x0000000033a49000 	/System/Library/Frameworks/DirectoryService.framework/Versions/A/DirectoryService
0x0000000033a49000 	/System/Library/PrivateFrameworks/DiskImages.framework/Versions/A/DiskImages
0x0000000033a49000 	/System/Library/PrivateFrameworks/LoginUIKit.framework/Versions/A/Frameworks/LoginUICore.framework/Versions/A/LoginUICore
0x0000000033a49000 	/usr/lib/libCoreStorage.dylib
0x0000000033a49000 	/usr/lib/libcsfde.dylib
0x0000000033a49000 	/usr/lib/libodfde.dylib
0x0000000033a49000 	/System/Library/Frameworks/DiscRecording.framework/Versions/A/DiscRecording
0x0000000033a49000 	/usr/lib/libcurl.4.dylib
0x0000000033a49000 	/System/Library/PrivateFrameworks/MediaKit.framework/Versions/A/MediaKit
0x0000000033a49000 	/System/Library/PrivateFrameworks/ProtectedCloudStorage.framework/Versions/A/ProtectedCloudStorage
0x0000000033a49000 	/System/Library/PrivateFrameworks/EFILogin.framework/Versions/A/EFILogin
0x0000000033a49000 	/usr/lib/libutil.dylib
0x0000000033a49000 	/System/Library/Frameworks/LDAP.framework/Versions/A/LDAP
0x0000000033a49000 	/usr/lib/libsasl2.2.dylib
0x0000000033a49000 	/System/Library/PrivateFrameworks/CoreDaemon.framework/Versions/B/CoreDaemon
0x0000000033a49000 	/System/Library/PrivateFrameworks/AppleSRP.framework/Versions/A/AppleSRP
0x0000000033a49000 	/System/Library/PrivateFrameworks/APFS.framework/Versions/A/APFS
0x0000000033a49000 	/System/Library/Frameworks/ApplicationServices.framework/Versions/A/Frameworks/ATS.framework/Versions/A/Resources/libTrueTypeScaler.dylib
0x0000000033a49000 	/System/Library/Frameworks/OpenGL.framework/Versions/A/Resources/GLEngine.bundle/GLEngine
0x0000000033a49000 	/System/Library/Frameworks/OpenGL.framework/Versions/A/Libraries/libGLProgrammability.dylib
0x0000000119800000 	/System/Library/Extensions/GeForceTeslaGLDriver.bundle/Contents/MacOS/GeForceTeslaGLDriver
0x000000011b3c6000 	/System/Library/Extensions/GeForceTeslaGLDriver.bundle/Contents/MacOS/libclh.dylib
0x0000000033a49000 	/System/Library/PrivateFrameworks/GPUSupport.framework/Versions/A/Libraries/libGPUSupport.dylib
0x0000000033a49000 	/System/Library/Frameworks/OpenGL.framework/Versions/A/Resources/GLRendererFloat.bundle/GLRendererFloat
0x0000000033a49000 	/System/Library/Frameworks/OpenCL.framework/Versions/A/Libraries/libcldcpuengine.dylib
0x0000000033a49000 	/usr/lib/libcrypto.0.9.8.dylib
0x0000000033a49000 	/System/Library/PrivateFrameworks/TrustEvaluationAgent.framework/Versions/A/TrustEvaluationAgent
0x000000011cde2000 	/Library/Java/JavaVirtualMachines/jdk1.8.0_111.jdk/Contents/Home/jre/lib/libnet.dylib
0x000000011c920000 	/Library/Java/JavaVirtualMachines/jdk1.8.0_111.jdk/Contents/Home/jre/lib/libnio.dylib
0x0000000033a49000 	/System/Library/PrivateFrameworks/ViewBridge.framework/Versions/A/ViewBridge
0x0000000033a49000 	/System/Library/PrivateFrameworks/XPCService.framework/Versions/A/XPCService
0x0000000033a49000 	/System/Library/PrivateFrameworks/AppSandbox.framework/Versions/A/AppSandbox
0x0000000033a49000 	/usr/lib/libsandbox.1.dylib
0x0000000033a49000 	/usr/lib/libMatch.1.dylib
0x0000000101ac9000 	/Applications/eclipse/configuration/org.eclipse.osgi/bundles/470/1/.cp/libswt-cocoa-4335.jnilib
0x0000000033a49000 	/System/Library/Frameworks/WebKit.framework/Versions/A/WebKit
0x0000000033a49000 	/System/Library/Frameworks/JavaScriptCore.framework/Versions/A/JavaScriptCore
0x0000000033a49000 	/System/Library/Frameworks/SecurityInterface.framework/Versions/A/SecurityInterface
0x0000000033a49000 	/System/Library/Frameworks/WebKit.framework/Versions/A/Frameworks/WebKitLegacy.framework/Versions/A/WebKitLegacy
0x0000000033a49000 	/System/Library/Frameworks/WebKit.framework/Versions/A/Frameworks/WebCore.framework/Versions/A/WebCore
0x0000000101b16000 	/Applications/eclipse/configuration/org.eclipse.osgi/bundles/470/1/.cp/libswt-pi-cocoa-4335.jnilib
0x0000000101c19000 	/Applications/eclipse/configuration/org.eclipse.osgi/bundles/86/1/.cp/os/macosx/libunixfile_1_0_0.jnilib
0x000000011d035000 	/System/Library/Frameworks/ApplicationServices.framework/Frameworks/ATS.framework/Resources/libFontRegistryUI.dylib
0x000000011ca76000 	/System/Library/Frameworks/ApplicationServices.framework/Versions/A/Frameworks/ATS.framework/Versions/A/Resources/ATSHI.dylib
0x000000011d5c6000 	/Library/Java/JavaVirtualMachines/jdk1.8.0_111.jdk/Contents/Home/jre/lib/libsunec.dylib
0x00000001160c7000 	cl_kernels
0x0000000033a49000 	/System/Library/Frameworks/OpenCL.framework/Versions/A/Libraries/ImageFormats/unorm8_bgra.dylib
0x0000000116454000 	cl_kernels
0x0000000116185000 	/Applications/eclipse/configuration/org.eclipse.osgi/bundles/490/1/.cp/os/macosx/x86_64/libspawner.jnilib
0x0000000116109000 	/Applications/eclipse/configuration/org.eclipse.osgi/bundles/490/1/.cp/os/macosx/x86_64/libpty.jnilib
0x0000000033a49000 	/System/Library/PrivateFrameworks/Shortcut.framework/Versions/A/Shortcut
0x0000000033a49000 	/System/Library/PrivateFrameworks/HelpData.framework/Versions/A/HelpData
0x0000000033a49000 	/System/Library/PrivateFrameworks/DataDetectors.framework/Versions/A/DataDetectors
0x0000000033a49000 	/System/Library/Frameworks/AddressBook.framework/Versions/A/AddressBook
0x0000000033a49000 	/System/Library/Frameworks/Quartz.framework/Versions/A/Quartz
0x0000000033a49000 	/System/Library/PrivateFrameworks/ContactsPersistence.framework/Versions/A/ContactsPersistence
0x0000000033a49000 	/System/Library/PrivateFrameworks/CalendarAgentLink.framework/Versions/A/CalendarAgentLink
0x0000000033a49000 	/System/Library/PrivateFrameworks/ContactsFoundation.framework/Versions/A/ContactsFoundation
0x0000000033a49000 	/System/Library/PrivateFrameworks/vCard.framework/Versions/A/vCard
0x0000000033a49000 	/System/Library/PrivateFrameworks/IntlPreferences.framework/Versions/A/IntlPreferences
0x0000000033a49000 	/System/Library/PrivateFrameworks/ToneLibrary.framework/Versions/A/ToneLibrary
0x0000000033a49000 	/System/Library/PrivateFrameworks/ToneKit.framework/Versions/A/ToneKit
0x0000000033a49000 	/System/Library/PrivateFrameworks/ApplePushService.framework/Versions/A/ApplePushService
0x0000000033a49000 	/System/Library/PrivateFrameworks/PhoneNumbers.framework/Versions/A/PhoneNumbers
0x0000000033a49000 	/System/Library/Frameworks/Accounts.framework/Versions/A/Accounts
0x0000000033a49000 	/System/Library/PrivateFrameworks/OAuth.framework/Versions/A/OAuth
0x0000000033a49000 	/System/Library/Frameworks/AVFoundation.framework/Versions/A/AVFoundation
0x0000000033a49000 	/System/Library/Frameworks/AVFoundation.framework/Versions/A/Frameworks/AVFAudio.framework/Versions/A/AVFAudio
0x0000000033a49000 	/System/Library/Frameworks/CoreMedia.framework/Versions/A/CoreMedia
0x0000000033a49000 	/System/Library/Frameworks/MediaToolbox.framework/Versions/A/MediaToolbox
0x0000000033a49000 	/System/Library/Frameworks/VideoToolbox.framework/Versions/A/VideoToolbox
0x0000000033a49000 	/System/Library/Frameworks/CoreMediaIO.framework/Versions/A/CoreMediaIO
0x0000000033a49000 	/usr/lib/libspindump.dylib
0x0000000033a49000 	/usr/lib/libdscsym.dylib
0x0000000033a49000 	/System/Library/PrivateFrameworks/CoreAVCHD.framework/Versions/A/CoreAVCHD
0x0000000033a49000 	/System/Library/Frameworks/MediaAccessibility.framework/Versions/A/MediaAccessibility
0x0000000033a49000 	/System/Library/PrivateFrameworks/Mangrove.framework/Versions/A/Mangrove
0x0000000033a49000 	/System/Library/PrivateFrameworks/CoreAUC.framework/Versions/A/CoreAUC
0x0000000033a49000 	/System/Library/PrivateFrameworks/AppleVA.framework/Versions/A/AppleVA
0x0000000033a49000 	/System/Library/Frameworks/Quartz.framework/Versions/A/Frameworks/QuartzComposer.framework/Versions/A/QuartzComposer
0x0000000033a49000 	/System/Library/Frameworks/Quartz.framework/Versions/A/Frameworks/PDFKit.framework/Versions/A/PDFKit
0x0000000033a49000 	/System/Library/Frameworks/Quartz.framework/Versions/A/Frameworks/QuartzFilters.framework/Versions/A/QuartzFilters
0x0000000033a49000 	/System/Library/Frameworks/Quartz.framework/Versions/A/Frameworks/ImageKit.framework/Versions/A/ImageKit
0x0000000033a49000 	/System/Library/Frameworks/Quartz.framework/Versions/A/Frameworks/QuickLookUI.framework/Versions/A/QuickLookUI
0x0000000033a49000 	/System/Library/Frameworks/QTKit.framework/Versions/A/QTKit
0x0000000033a49000 	/System/Library/PrivateFrameworks/AppleSystemInfo.framework/Versions/A/AppleSystemInfo
0x0000000033a49000 	/System/Library/PrivateFrameworks/CoreMediaAuthoring.framework/Versions/A/CoreMediaAuthoring
0x0000000033a49000 	/System/Library/PrivateFrameworks/CorePDF.framework/Versions/A/CorePDF
0x0000000033a49000 	/System/Library/Frameworks/SafariServices.framework/Versions/A/SafariServices
0x0000000033a49000 	/System/Library/Frameworks/QuickLook.framework/Versions/A/QuickLook
0x0000000033a49000 	/System/Library/PrivateFrameworks/MobileKeyBag.framework/Versions/A/MobileKeyBag
0x0000000033a49000 	/System/Library/PrivateFrameworks/QuickLookThumbnailing.framework/Versions/A/QuickLookThumbnailing
0x0000000033a49000 	/System/Library/PrivateFrameworks/DisplayServices.framework/Versions/A/DisplayServices
0x0000000033a49000 	/System/Library/Frameworks/ImageCaptureCore.framework/Versions/A/ImageCaptureCore
0x0000000033a49000 	/System/Library/PrivateFrameworks/CloudDocs.framework/Versions/A/CloudDocs
0x0000000033a49000 	/System/Library/Frameworks/CloudKit.framework/Versions/A/CloudKit
0x0000000033a49000 	/System/Library/PrivateFrameworks/MMCS.framework/Versions/A/MMCS
0x0000000033a49000 	/System/Library/Frameworks/CoreLocation.framework/Versions/A/CoreLocation
0x0000000033a49000 	/System/Library/PrivateFrameworks/AssetCacheServices.framework/Versions/A/AssetCacheServices
0x0000000033a49000 	/System/Library/PrivateFrameworks/GeoServices.framework/Versions/A/GeoServices
0x000000011cd4f000 	/System/Library/PrivateFrameworks/CoreNLP.framework/Versions/A/CoreNLP

VM Arguments:
jvm_args: -Xdock:icon=../Resources/Eclipse.icns -XstartOnFirstThread -Dorg.eclipse.swt.internal.carbon.smallFonts -Dosgi.requiredJavaVersion=1.6 -Xms40m -Xmx512m -XstartOnFirstThread -Dorg.eclipse.swt.internal.carbon.smallFonts -XX:MaxPermSize=256m 
java_command: <unknown>
java_class_path (initial): /Applications/eclipse/Eclipse.app/Contents/MacOS//../../../plugins/org.eclipse.equinox.launcher_1.3.0.v20130327-1440.jar
Launcher Type: generic

Environment Variables:
PATH=/usr/bin:/bin:/usr/sbin:/sbin
SHELL=/bin/bash

Signal Handlers:
SIGSEGV: [libjvm.dylib+0x5b03ed], sa_mask[0]=11111111011111110111111111111111, sa_flags=SA_ONSTACK|SA_RESTART|SA_SIGINFO
SIGBUS: [libjvm.dylib+0x5b03ed], sa_mask[0]=11111111011111110111111111111111, sa_flags=SA_RESTART|SA_SIGINFO
SIGFPE: [libjvm.dylib+0x48711c], sa_mask[0]=11111111011111110111111111111111, sa_flags=SA_RESTART|SA_SIGINFO
SIGPIPE: [libjvm.dylib+0x48711c], sa_mask[0]=11111111011111110111111111111111, sa_flags=SA_RESTART|SA_SIGINFO
SIGXFSZ: [libjvm.dylib+0x48711c], sa_mask[0]=11111111011111110111111111111111, sa_flags=SA_RESTART|SA_SIGINFO
SIGILL: [libjvm.dylib+0x48711c], sa_mask[0]=11111111011111110111111111111111, sa_flags=SA_RESTART|SA_SIGINFO
SIGUSR1: SIG_DFL, sa_mask[0]=00000000000000000000000000000000, sa_flags=none
SIGUSR2: [libjvm.dylib+0x486c3a], sa_mask[0]=00000000000000000000000000000000, sa_flags=SA_RESTART|SA_SIGINFO
SIGHUP: [libjvm.dylib+0x485211], sa_mask[0]=11111111011111110111111111111111, sa_flags=SA_RESTART|SA_SIGINFO
SIGINT: [libjvm.dylib+0x485211], sa_mask[0]=11111111011111110111111111111111, sa_flags=SA_RESTART|SA_SIGINFO
SIGTERM: [libjvm.dylib+0x485211], sa_mask[0]=11111111011111110111111111111111, sa_flags=SA_RESTART|SA_SIGINFO
SIGQUIT: [libjvm.dylib+0x485211], sa_mask[0]=11111111011111110111111111111111, sa_flags=SA_RESTART|SA_SIGINFO


---------------  S Y S T E M  ---------------

OS:Bsduname:Darwin 16.1.0 Darwin Kernel Version 16.1.0: Wed Oct 19 20:31:56 PDT 2016; root:xnu-3789.21.4~4/RELEASE_X86_64 x86_64
rlimit: STACK 8192k, CORE 0k, NPROC 709, NOFILE 10240, AS infinity
load average:2.84 2.95 3.40

CPU:total 2 (2 cores per cpu, 1 threads per core) family 6 model 23 stepping 10, cmov, cx8, fxsr, mmx, sse, sse2, sse3, ssse3, sse4.1, tsc

Memory: 4k page, physical 8388608k(1080016k free)

/proc/meminfo:


vm_info: Java HotSpot(TM) 64-Bit Server VM (25.111-b14) for bsd-amd64 JRE (1.8.0_111-b14), built on Sep 22 2016 15:31:41 by "java_re" with gcc 4.2.1 (Based on Apple Inc. build 5658) (LLVM build 2336.11.00)

time: Wed Dec  7 19:26:02 2016
elapsed time: 11665 seconds (0d 3h 14m 25s)

